2025-03-25T13:15:39.930+05:30  INFO 1612 --- [RMI TCP Connection(2)-127.0.0.1] inMXBeanRegistrar$SpringApplicationAdmin : Application shutdown requested.
2025-03-25T13:15:39.933+05:30  INFO 1612 --- [RMI TCP Connection(2)-127.0.0.1] o.s.b.w.e.tomcat.GracefulShutdown        : Commencing graceful shutdown. Waiting for active requests to complete
2025-03-25T13:15:39.978+05:30  INFO 1612 --- [tomcat-shutdown] o.s.b.w.e.tomcat.GracefulShutdown        : Graceful shutdown complete
2025-03-25T13:15:39.982+05:30  INFO 1612 --- [RMI TCP Connection(2)-127.0.0.1] j.LocalContainerEntityManagerFactoryBean : Closing JPA EntityManagerFactory for persistence unit 'default'
2025-03-25T13:15:39.984+05:30  INFO 1612 --- [RMI TCP Connection(2)-127.0.0.1] com.zaxxer.hikari.HikariDataSource       : HikariPool-1 - Shutdown initiated...
2025-03-25T13:15:39.990+05:30  INFO 1612 --- [RMI TCP Connection(2)-127.0.0.1] com.zaxxer.hikari.HikariDataSource       : HikariPool-1 - Shutdown completed.
2025-03-25T13:15:44.812+05:30  INFO 2612 --- [main] c.project.PreCatSchedularAppApplication  : Starting PreCatSchedularAppApplication using Java 17 with PID 2612 (D:\PreCATSchedular\precat-schedular\PreCatSchedularApp\target\classes started by KAJAL in D:\PreCATSchedular\precat-schedular\PreCatSchedularApp)
2025-03-25T13:15:44.815+05:30  INFO 2612 --- [main] c.project.PreCatSchedularAppApplication  : No active profile set, falling back to 1 default profile: "default"
2025-03-25T13:15:45.459+05:30  INFO 2612 --- [main] .s.d.r.c.RepositoryConfigurationDelegate : Bootstrapping Spring Data JPA repositories in DEFAULT mode.
2025-03-25T13:15:45.523+05:30  INFO 2612 --- [main] .s.d.r.c.RepositoryConfigurationDelegate : Finished Spring Data repository scanning in 57 ms. Found 2 JPA repository interfaces.
2025-03-25T13:15:45.976+05:30  INFO 2612 --- [main] o.s.b.w.embedded.tomcat.TomcatWebServer  : Tomcat initialized with port 8080 (http)
2025-03-25T13:15:45.989+05:30  INFO 2612 --- [main] o.apache.catalina.core.StandardService   : Starting service [Tomcat]
2025-03-25T13:15:45.989+05:30  INFO 2612 --- [main] o.apache.catalina.core.StandardEngine    : Starting Servlet engine: [Apache Tomcat/10.1.36]
2025-03-25T13:15:46.052+05:30  INFO 2612 --- [main] o.a.c.c.C.[Tomcat].[localhost].[/]       : Initializing Spring embedded WebApplicationContext
2025-03-25T13:15:46.053+05:30  INFO 2612 --- [main] w.s.c.ServletWebServerApplicationContext : Root WebApplicationContext: initialization completed in 1191 ms
2025-03-25T13:15:46.200+05:30  INFO 2612 --- [main] o.hibernate.jpa.internal.util.LogHelper  : HHH000204: Processing PersistenceUnitInfo [name: default]
2025-03-25T13:15:46.244+05:30  INFO 2612 --- [main] org.hibernate.Version                    : HHH000412: Hibernate ORM core version 6.6.8.Final
2025-03-25T13:15:46.277+05:30  INFO 2612 --- [main] o.h.c.internal.RegionFactoryInitiator    : HHH000026: Second-level cache disabled
2025-03-25T13:15:46.534+05:30  INFO 2612 --- [main] o.s.o.j.p.SpringPersistenceUnitInfo      : No LoadTimeWeaver setup: ignoring JPA class transformer
2025-03-25T13:15:46.567+05:30  INFO 2612 --- [main] com.zaxxer.hikari.HikariDataSource       : HikariPool-1 - Starting...
2025-03-25T13:15:46.729+05:30  INFO 2612 --- [main] com.zaxxer.hikari.pool.HikariPool        : HikariPool-1 - Added connection com.mysql.cj.jdbc.ConnectionImpl@71ad959b
2025-03-25T13:15:46.732+05:30  INFO 2612 --- [main] com.zaxxer.hikari.HikariDataSource       : HikariPool-1 - Start completed.
2025-03-25T13:15:46.778+05:30  WARN 2612 --- [main] org.hibernate.orm.deprecation            : HHH90000025: MySQL8Dialect does not need to be specified explicitly using 'hibernate.dialect' (remove the property setting and it will be selected by default)
2025-03-25T13:15:46.779+05:30  WARN 2612 --- [main] org.hibernate.orm.deprecation            : HHH90000026: MySQL8Dialect has been deprecated; use org.hibernate.dialect.MySQLDialect instead
2025-03-25T13:15:46.800+05:30  INFO 2612 --- [main] org.hibernate.orm.connections.pooling    : HHH10001005: Database info:
	Database JDBC URL [Connecting through datasource 'HikariDataSource (HikariPool-1)']
	Database driver: undefined/unknown
	Database version: 8.0
	Autocommit mode: undefined/unknown
	Isolation level: undefined/unknown
	Minimum pool size: undefined/unknown
	Maximum pool size: undefined/unknown
2025-03-25T13:15:47.785+05:30  INFO 2612 --- [main] o.h.e.t.j.p.i.JtaPlatformInitiator       : HHH000489: No JTA platform available (set 'hibernate.transaction.jta.platform' to enable JTA platform integration)
2025-03-25T13:15:47.918+05:30  INFO 2612 --- [main] j.LocalContainerEntityManagerFactoryBean : Initialized JPA EntityManagerFactory for persistence unit 'default'
2025-03-25T13:15:48.696+05:30  INFO 2612 --- [main] o.s.b.w.embedded.tomcat.TomcatWebServer  : Tomcat started on port 8080 (http) with context path '/'
2025-03-25T13:15:48.705+05:30  INFO 2612 --- [main] c.project.PreCatSchedularAppApplication  : Started PreCatSchedularAppApplication in 4.271 seconds (process running for 4.953)
2025-03-25T13:15:53.294+05:30  INFO 2612 --- [http-nio-8080-exec-1] o.a.c.c.C.[Tomcat].[localhost].[/]       : Initializing Spring DispatcherServlet 'dispatcherServlet'
2025-03-25T13:15:53.294+05:30  INFO 2612 --- [http-nio-8080-exec-1] o.s.web.servlet.DispatcherServlet        : Initializing Servlet 'dispatcherServlet'
2025-03-25T13:15:53.295+05:30  INFO 2612 --- [http-nio-8080-exec-1] o.s.web.servlet.DispatcherServlet        : Completed initialization in 0 ms
2025-03-25T13:15:53.423+05:30  INFO 2612 --- [http-nio-8080-exec-1] c.project.controller.FacultyController   : Add Faculty methos call
2025-03-25T13:16:27.562+05:30  INFO 2612 --- [RMI TCP Connection(2)-127.0.0.1] inMXBeanRegistrar$SpringApplicationAdmin : Application shutdown requested.
2025-03-25T13:16:27.564+05:30  INFO 2612 --- [RMI TCP Connection(2)-127.0.0.1] o.s.b.w.e.tomcat.GracefulShutdown        : Commencing graceful shutdown. Waiting for active requests to complete
2025-03-25T13:16:27.648+05:30  INFO 2612 --- [tomcat-shutdown] o.s.b.w.e.tomcat.GracefulShutdown        : Graceful shutdown complete
2025-03-25T13:16:27.652+05:30  INFO 2612 --- [RMI TCP Connection(2)-127.0.0.1] j.LocalContainerEntityManagerFactoryBean : Closing JPA EntityManagerFactory for persistence unit 'default'
2025-03-25T13:16:27.654+05:30  INFO 2612 --- [RMI TCP Connection(2)-127.0.0.1] com.zaxxer.hikari.HikariDataSource       : HikariPool-1 - Shutdown initiated...
2025-03-25T13:16:27.662+05:30  INFO 2612 --- [RMI TCP Connection(2)-127.0.0.1] com.zaxxer.hikari.HikariDataSource       : HikariPool-1 - Shutdown completed.
2025-03-25T13:16:35.176+05:30  INFO 33044 --- [main] c.project.PreCatSchedularAppApplication  : Starting PreCatSchedularAppApplication using Java 17 with PID 33044 (D:\PreCATSchedular\precat-schedular\PreCatSchedularApp\target\classes started by KAJAL in D:\PreCATSchedular\precat-schedular\PreCatSchedularApp)
2025-03-25T13:16:35.180+05:30  INFO 33044 --- [main] c.project.PreCatSchedularAppApplication  : No active profile set, falling back to 1 default profile: "default"
2025-03-25T13:16:35.815+05:30  INFO 33044 --- [main] .s.d.r.c.RepositoryConfigurationDelegate : Bootstrapping Spring Data JPA repositories in DEFAULT mode.
2025-03-25T13:16:35.897+05:30  INFO 33044 --- [main] .s.d.r.c.RepositoryConfigurationDelegate : Finished Spring Data repository scanning in 71 ms. Found 2 JPA repository interfaces.
2025-03-25T13:16:36.339+05:30  INFO 33044 --- [main] o.s.b.w.embedded.tomcat.TomcatWebServer  : Tomcat initialized with port 8080 (http)
2025-03-25T13:16:36.350+05:30  INFO 33044 --- [main] o.apache.catalina.core.StandardService   : Starting service [Tomcat]
2025-03-25T13:16:36.350+05:30  INFO 33044 --- [main] o.apache.catalina.core.StandardEngine    : Starting Servlet engine: [Apache Tomcat/10.1.36]
2025-03-25T13:16:36.406+05:30  INFO 33044 --- [main] o.a.c.c.C.[Tomcat].[localhost].[/]       : Initializing Spring embedded WebApplicationContext
2025-03-25T13:16:36.406+05:30  INFO 33044 --- [main] w.s.c.ServletWebServerApplicationContext : Root WebApplicationContext: initialization completed in 1178 ms
2025-03-25T13:16:36.556+05:30  INFO 33044 --- [main] o.hibernate.jpa.internal.util.LogHelper  : HHH000204: Processing PersistenceUnitInfo [name: default]
2025-03-25T13:16:36.607+05:30  INFO 33044 --- [main] org.hibernate.Version                    : HHH000412: Hibernate ORM core version 6.6.8.Final
2025-03-25T13:16:36.639+05:30  INFO 33044 --- [main] o.h.c.internal.RegionFactoryInitiator    : HHH000026: Second-level cache disabled
2025-03-25T13:16:36.880+05:30  INFO 33044 --- [main] o.s.o.j.p.SpringPersistenceUnitInfo      : No LoadTimeWeaver setup: ignoring JPA class transformer
2025-03-25T13:16:36.906+05:30  INFO 33044 --- [main] com.zaxxer.hikari.HikariDataSource       : HikariPool-1 - Starting...
2025-03-25T13:16:37.062+05:30  INFO 33044 --- [main] com.zaxxer.hikari.pool.HikariPool        : HikariPool-1 - Added connection com.mysql.cj.jdbc.ConnectionImpl@4a04ca74
2025-03-25T13:16:37.065+05:30  INFO 33044 --- [main] com.zaxxer.hikari.HikariDataSource       : HikariPool-1 - Start completed.
2025-03-25T13:16:37.108+05:30  WARN 33044 --- [main] org.hibernate.orm.deprecation            : HHH90000025: MySQL8Dialect does not need to be specified explicitly using 'hibernate.dialect' (remove the property setting and it will be selected by default)
2025-03-25T13:16:37.109+05:30  WARN 33044 --- [main] org.hibernate.orm.deprecation            : HHH90000026: MySQL8Dialect has been deprecated; use org.hibernate.dialect.MySQLDialect instead
2025-03-25T13:16:37.125+05:30  INFO 33044 --- [main] org.hibernate.orm.connections.pooling    : HHH10001005: Database info:
	Database JDBC URL [Connecting through datasource 'HikariDataSource (HikariPool-1)']
	Database driver: undefined/unknown
	Database version: 8.0
	Autocommit mode: undefined/unknown
	Isolation level: undefined/unknown
	Minimum pool size: undefined/unknown
	Maximum pool size: undefined/unknown
2025-03-25T13:16:38.078+05:30  INFO 33044 --- [main] o.h.e.t.j.p.i.JtaPlatformInitiator       : HHH000489: No JTA platform available (set 'hibernate.transaction.jta.platform' to enable JTA platform integration)
2025-03-25T13:16:38.192+05:30  INFO 33044 --- [main] j.LocalContainerEntityManagerFactoryBean : Initialized JPA EntityManagerFactory for persistence unit 'default'
2025-03-25T13:16:38.944+05:30  INFO 33044 --- [main] o.s.b.w.embedded.tomcat.TomcatWebServer  : Tomcat started on port 8080 (http) with context path '/'
2025-03-25T13:16:38.954+05:30  INFO 33044 --- [main] c.project.PreCatSchedularAppApplication  : Started PreCatSchedularAppApplication in 4.217 seconds (process running for 5.063)
2025-03-25T13:16:41.174+05:30  INFO 33044 --- [http-nio-8080-exec-1] o.a.c.c.C.[Tomcat].[localhost].[/]       : Initializing Spring DispatcherServlet 'dispatcherServlet'
2025-03-25T13:16:41.175+05:30  INFO 33044 --- [http-nio-8080-exec-1] o.s.web.servlet.DispatcherServlet        : Initializing Servlet 'dispatcherServlet'
2025-03-25T13:16:41.176+05:30  INFO 33044 --- [http-nio-8080-exec-1] o.s.web.servlet.DispatcherServlet        : Completed initialization in 1 ms
2025-03-25T13:16:41.317+05:30  INFO 33044 --- [http-nio-8080-exec-1] c.project.controller.FacultyController   : addFaculty methos call
2025-03-25T13:24:34.718+05:30  WARN 18324 --- [main] org.hibernate.orm.deprecation            : HHH90000025: MySQL8Dialect does not need to be specified explicitly using 'hibernate.dialect' (remove the property setting and it will be selected by default)
2025-03-25T13:24:34.721+05:30  WARN 18324 --- [main] org.hibernate.orm.deprecation            : HHH90000026: MySQL8Dialect has been deprecated; use org.hibernate.dialect.MySQLDialect instead
2025-03-25T13:24:39.190+05:30  INFO 33044 --- [RMI TCP Connection(2)-127.0.0.1] inMXBeanRegistrar$SpringApplicationAdmin : Application shutdown requested.
2025-03-25T13:24:39.193+05:30  INFO 33044 --- [RMI TCP Connection(2)-127.0.0.1] o.s.b.w.e.tomcat.GracefulShutdown        : Commencing graceful shutdown. Waiting for active requests to complete
2025-03-25T13:24:39.244+05:30  INFO 33044 --- [tomcat-shutdown] o.s.b.w.e.tomcat.GracefulShutdown        : Graceful shutdown complete
2025-03-25T13:24:39.247+05:30  INFO 33044 --- [RMI TCP Connection(2)-127.0.0.1] j.LocalContainerEntityManagerFactoryBean : Closing JPA EntityManagerFactory for persistence unit 'default'
2025-03-25T13:24:39.248+05:30  INFO 33044 --- [RMI TCP Connection(2)-127.0.0.1] com.zaxxer.hikari.HikariDataSource       : HikariPool-1 - Shutdown initiated...
2025-03-25T13:24:39.256+05:30  INFO 33044 --- [RMI TCP Connection(2)-127.0.0.1] com.zaxxer.hikari.HikariDataSource       : HikariPool-1 - Shutdown completed.
2025-03-25T13:24:47.257+05:30  WARN 32928 --- [main] org.hibernate.orm.deprecation            : HHH90000025: MySQL8Dialect does not need to be specified explicitly using 'hibernate.dialect' (remove the property setting and it will be selected by default)
2025-03-25T13:24:47.260+05:30  WARN 32928 --- [main] org.hibernate.orm.deprecation            : HHH90000026: MySQL8Dialect has been deprecated; use org.hibernate.dialect.MySQLDialect instead
2025-03-25T13:26:25.761+05:30  INFO 26100 --- [main] c.project.PreCatSchedularAppApplication  : Starting PreCatSchedularAppApplication using Java 17 with PID 26100 (D:\PreCATSchedular\precat-schedular\PreCatSchedularApp\target\classes started by KAJAL in D:\PreCATSchedular\precat-schedular\PreCatSchedularApp)
2025-03-25T13:26:25.764+05:30  INFO 26100 --- [main] c.project.PreCatSchedularAppApplication  : No active profile set, falling back to 1 default profile: "default"
2025-03-25T13:26:26.383+05:30  INFO 26100 --- [main] .s.d.r.c.RepositoryConfigurationDelegate : Bootstrapping Spring Data JPA repositories in DEFAULT mode.
2025-03-25T13:26:26.456+05:30  INFO 26100 --- [main] .s.d.r.c.RepositoryConfigurationDelegate : Finished Spring Data repository scanning in 65 ms. Found 2 JPA repository interfaces.
2025-03-25T13:26:26.914+05:30  INFO 26100 --- [main] o.s.b.w.embedded.tomcat.TomcatWebServer  : Tomcat initialized with port 8080 (http)
2025-03-25T13:26:26.925+05:30  INFO 26100 --- [main] o.apache.catalina.core.StandardService   : Starting service [Tomcat]
2025-03-25T13:26:26.925+05:30  INFO 26100 --- [main] o.apache.catalina.core.StandardEngine    : Starting Servlet engine: [Apache Tomcat/10.1.36]
2025-03-25T13:26:26.995+05:30  INFO 26100 --- [main] o.a.c.c.C.[Tomcat].[localhost].[/]       : Initializing Spring embedded WebApplicationContext
2025-03-25T13:26:26.997+05:30  INFO 26100 --- [main] w.s.c.ServletWebServerApplicationContext : Root WebApplicationContext: initialization completed in 1193 ms
2025-03-25T13:26:27.134+05:30  INFO 26100 --- [main] o.hibernate.jpa.internal.util.LogHelper  : HHH000204: Processing PersistenceUnitInfo [name: default]
2025-03-25T13:26:27.177+05:30  INFO 26100 --- [main] org.hibernate.Version                    : HHH000412: Hibernate ORM core version 6.6.8.Final
2025-03-25T13:26:27.205+05:30  INFO 26100 --- [main] o.h.c.internal.RegionFactoryInitiator    : HHH000026: Second-level cache disabled
2025-03-25T13:26:27.481+05:30  INFO 26100 --- [main] o.s.o.j.p.SpringPersistenceUnitInfo      : No LoadTimeWeaver setup: ignoring JPA class transformer
2025-03-25T13:26:27.509+05:30  INFO 26100 --- [main] com.zaxxer.hikari.HikariDataSource       : HikariPool-1 - Starting...
2025-03-25T13:26:27.667+05:30  INFO 26100 --- [main] com.zaxxer.hikari.pool.HikariPool        : HikariPool-1 - Added connection com.mysql.cj.jdbc.ConnectionImpl@48632f69
2025-03-25T13:26:27.669+05:30  INFO 26100 --- [main] com.zaxxer.hikari.HikariDataSource       : HikariPool-1 - Start completed.
2025-03-25T13:26:27.705+05:30  WARN 26100 --- [main] org.hibernate.orm.deprecation            : HHH90000025: MySQL8Dialect does not need to be specified explicitly using 'hibernate.dialect' (remove the property setting and it will be selected by default)
2025-03-25T13:26:27.707+05:30  WARN 26100 --- [main] org.hibernate.orm.deprecation            : HHH90000026: MySQL8Dialect has been deprecated; use org.hibernate.dialect.MySQLDialect instead
2025-03-25T13:26:27.721+05:30  INFO 26100 --- [main] org.hibernate.orm.connections.pooling    : HHH10001005: Database info:
	Database JDBC URL [Connecting through datasource 'HikariDataSource (HikariPool-1)']
	Database driver: undefined/unknown
	Database version: 8.0
	Autocommit mode: undefined/unknown
	Isolation level: undefined/unknown
	Minimum pool size: undefined/unknown
	Maximum pool size: undefined/unknown
2025-03-25T13:26:28.737+05:30  INFO 26100 --- [main] o.h.e.t.j.p.i.JtaPlatformInitiator       : HHH000489: No JTA platform available (set 'hibernate.transaction.jta.platform' to enable JTA platform integration)
2025-03-25T13:26:28.817+05:30  INFO 26100 --- [main] j.LocalContainerEntityManagerFactoryBean : Initialized JPA EntityManagerFactory for persistence unit 'default'
2025-03-25T13:26:29.558+05:30  INFO 26100 --- [main] o.s.b.w.embedded.tomcat.TomcatWebServer  : Tomcat started on port 8080 (http) with context path '/'
2025-03-25T13:26:29.567+05:30  INFO 26100 --- [main] c.project.PreCatSchedularAppApplication  : Started PreCatSchedularAppApplication in 4.191 seconds (process running for 4.893)
2025-03-25T13:26:41.476+05:30  INFO 26100 --- [http-nio-8080-exec-2] o.a.c.c.C.[Tomcat].[localhost].[/]       : Initializing Spring DispatcherServlet 'dispatcherServlet'
2025-03-25T13:26:41.477+05:30  INFO 26100 --- [http-nio-8080-exec-2] o.s.web.servlet.DispatcherServlet        : Initializing Servlet 'dispatcherServlet'
2025-03-25T13:26:41.478+05:30  INFO 26100 --- [http-nio-8080-exec-2] o.s.web.servlet.DispatcherServlet        : Completed initialization in 1 ms
2025-03-25T13:26:41.640+05:30  INFO 26100 --- [http-nio-8080-exec-2] c.project.controller.FacultyController   : addFaculty methos call
2025-03-25T13:50:07.881+05:30  WARN 26100 --- [HikariPool-1 housekeeper] com.zaxxer.hikari.pool.HikariPool        : HikariPool-1 - Thread starvation or clock leap detected (housekeeper delta=14m39s963ms762µs700ns).
2025-03-25T14:43:49.064+05:30  WARN 26100 --- [HikariPool-1 housekeeper] com.zaxxer.hikari.pool.HikariPool        : HikariPool-1 - Thread starvation or clock leap detected (housekeeper delta=8m10s465ms184µs200ns).
2025-03-25T16:09:39.379+05:30  WARN 26100 --- [HikariPool-1 housekeeper] com.zaxxer.hikari.pool.HikariPool        : HikariPool-1 - Thread starvation or clock leap detected (housekeeper delta=2m48s886ms204µs700ns).
2025-03-25T16:18:40.657+05:30  INFO 26100 --- [RMI TCP Connection(2)-127.0.0.1] inMXBeanRegistrar$SpringApplicationAdmin : Application shutdown requested.
2025-03-25T16:18:40.825+05:30  INFO 26100 --- [RMI TCP Connection(2)-127.0.0.1] o.s.b.w.e.tomcat.GracefulShutdown        : Commencing graceful shutdown. Waiting for active requests to complete
2025-03-25T16:18:40.908+05:30  INFO 26100 --- [tomcat-shutdown] o.s.b.w.e.tomcat.GracefulShutdown        : Graceful shutdown complete
2025-03-25T16:18:40.967+05:30  INFO 26100 --- [RMI TCP Connection(2)-127.0.0.1] j.LocalContainerEntityManagerFactoryBean : Closing JPA EntityManagerFactory for persistence unit 'default'
2025-03-25T16:18:41.041+05:30  INFO 26100 --- [RMI TCP Connection(2)-127.0.0.1] com.zaxxer.hikari.HikariDataSource       : HikariPool-1 - Shutdown initiated...
2025-03-25T16:18:41.061+05:30  INFO 26100 --- [RMI TCP Connection(2)-127.0.0.1] com.zaxxer.hikari.HikariDataSource       : HikariPool-1 - Shutdown completed.
